TOR1# copy bootflash:///TOR1.config running-config
As per NIST requirements, the minimum RSA Key Size has to be 2048 in FIPS Mode
Generate RSA key with 2048 bits

Password prompt username is enabled.
After providing the required options in the username command, press enter.
User will be prompted for the username password and password will be hidden.
Note: Choosing password key in the same line while configuring user account, password will not be hidden.
XML interface to system may become unavailable since ssh is disabled
Note: To enable relay on any interface, please disable DHCP (v4/v6) on interfaces that have address assigned via DHCP (dynamic IP addressing).

2022 Aug  8 23:57:13 S31R28-TOR1 %$ VDC-1 %$ %SECURITYD-2-FEATURE_NXAPI_ENABLE: Feature nxapi is being enabled on HTTPS.
ERROR: Configuration failed, Interface does not exists or Ip address not configured on the interface.
Unable to perform the action due to incompatibility:  Module 1 returned status "ACLQOS_ERROR: Invalid Class id : Max class reached"
S31R28-TOR1(config)# system qos
S31R28-TOR1(config-sys-qos)#   service-policy type queuing output QOS_EGRESS_PORT
Unable to perform the action due to incompatibility:  Module 1 returned status "ACLQOS_ERROR: Invalid Class id : Max class reached"

S31R28-TOR1(config-sys-qos)#   service-policy type network-qos QOS_NETWORK^C
S31R28-TOR1(config-sys-qos)#



Edge port type (portfast) should only be enabled on ports connected to a single
 host. Connecting hubs, concentrators, switches, bridges, etc...  to this
 interface when edge port type (portfast) is enabled, can cause temporary bridging loops.
 Use with CAUTION


Copy complete, now saving to disk (please wait)...
Copy complete.
S31R28-TOR1# show version
Cisco Nexus Operating System (NX-OS) Software
TAC support: http://www.cisco.com/tac
Documents: http://www.cisco.com/en/US/products/ps9372/tsd_products_support_serie
s_home.html
Copyright (c) 2002-2021, Cisco Systems, Inc. All rights reserved.
The copyrights to certain works contained herein are owned by
other third parties and are used and distributed under license.
Some parts of this software are covered under the GNU Public
License. A copy of the license is available at
http://www.gnu.org/licenses/gpl.html.

Nexus 9000v is a demo version of the Nexus Operating System

Software
  BIOS: version
  NXOS: version 10.1(1)
  BIOS compile time:
  NXOS image file is: bootflash:///nxos64.10.1.1.bin
  NXOS compile time:  2/14/2021 22:00:00 [02/15/2021 07:39:04]

Hardware
  cisco Nexus9000 C9500v Chassis ("Supervisor Module")
   with 7832932 kB of memory.
  Processor Board ID 99IWXCECUI7
  Device name: S31R28-TOR1
  bootflash:    4287040 kB

Kernel uptime is 0 day(s), 0 hour(s), 22 minute(s), 44 second(s)

Last reset
  Reason: Unknown
  System version:
  Service:

plugin
  Core Plugin, Ethernet Plugin

Active Package(s):



